<?xml version="1.0" encoding="utf-8"?><testsuites><testsuite name="pytest" errors="0" failures="0" skipped="0" tests="1" time="55.383" timestamp="2022-11-18T15:28:05.577256" hostname="DESKTOP-5NO08LJ"><testcase classname="Tests.J01en.j01_journey_accessibility_test.TestJ01AllAboutAm" name="test_j01_accessibility_DEV_T173" time="53.703" /></testsuite></testsuites>