<?xml version="1.0" encoding="utf-8"?><testsuites><testsuite name="pytest" errors="0" failures="0" skipped="0" tests="0" time="21.800" timestamp="2022-12-03T02:31:29.800447" hostname="DESKTOP-5NO08LJ" /></testsuites>