<?xml version="1.0" encoding="utf-8"?><testsuites><testsuite name="pytest" errors="0" failures="0" skipped="0" tests="1" time="34.121" timestamp="2022-11-16T14:07:05.907094" hostname="DESKTOP-5NO08LJ"><testcase classname="Tests.login_create_account_test.TestLoginCreateAccount" name="test_login_createaccount_DEV_T29" time="31.450" /></testsuite></testsuites>