<?xml version="1.0" encoding="utf-8"?><testsuites><testsuite name="pytest" errors="0" failures="0" skipped="0" tests="2" time="47.777" timestamp="2022-10-07T19:30:40.334100" hostname="DESKTOP-5NO08LJ"><testcase classname="Tests.login_registered_account_test.TestLoginRegisteredAccount" name="test_login_registeredaccount_DEV_T14" time="28.460" /><testcase classname="Tests.open_application_test.TestOpenApplication" name="test_open_application_DEV_T27" time="19.111" /></testsuite></testsuites>