<?xml version="1.0" encoding="utf-8"?><testsuites><testsuite name="pytest" errors="0" failures="0" skipped="0" tests="1" time="21.529" timestamp="2022-11-22T15:44:12.254752" hostname="DESKTOP-5NO08LJ"><testcase classname="Tests.J01en.j01_journey_accessibility_test.TestJ01AllAboutAm" name="test_j01_stages_availability" time="20.809" /></testsuite></testsuites>