<?xml version="1.0" encoding="utf-8"?><testsuites><testsuite name="pytest" errors="0" failures="0" skipped="0" tests="3" time="65.959" timestamp="2022-12-07T16:56:00.237081" hostname="DESKTOP-5NO08LJ"><testcase classname="Tests.J01en.j01_journey_accessibility_test.TestJ01AllAboutAm" name="test_j01_accessibility_DEV_T173" time="41.256" /><testcase classname="Tests.J01en.j01_journey_accessibility_test.TestJ01AllAboutAm" name="test_j01_stages_availability_DEV_T174" time="1.608" /><testcase classname="Tests.J01en.j01_journey_accessibility_test.TestJ01AllAboutAm" name="test_j01_stages_playability" time="22.353" /></testsuite></testsuites>