<?xml version="1.0" encoding="utf-8"?><testsuites><testsuite name="pytest" errors="0" failures="0" skipped="0" tests="1" time="53.413" timestamp="2022-10-06T14:02:49.372809" hostname="DESKTOP-5NO08LJ"><testcase classname="Tests.open_application_test.TestOpenApplication" name="test_open_application_DEV_T27" time="52.630" /></testsuite></testsuites>