<?xml version="1.0" encoding="utf-8"?><testsuites><testsuite name="pytest" errors="0" failures="0" skipped="0" tests="3" time="78.567" timestamp="2022-12-07T15:00:28.145766" hostname="DESKTOP-5NO08LJ"><testcase classname="Tests.J01en.j01_journey_accessibility_test.TestJ01AllAboutAm" name="test_j01_accessibility_DEV_T173" time="52.747" /><testcase classname="Tests.J01en.j01_journey_accessibility_test.TestJ01AllAboutAm" name="test_j01_stages_availability_DEV_T174" time="1.630" /><testcase classname="Tests.J01en.j01_journey_accessibility_test.TestJ01AllAboutAm" name="test_j01_stages_playability" time="22.462" /></testsuite></testsuites>